<?xml version="1.0" encoding="UTF-8"?>
<!-- Generated by org.testng.reporters.JUnitReportReporter -->
<testsuite hostname="DESKTOP-GDGDOPT" failures="0" tests="7" name="com.hrmorange.basics.Example1" time="3.409" errors="0" timestamp="2023-11-19T15:07:53 IST" skipped="0">
  <testcase classname="com.hrmorange.basics.Example1" name="verifyTitle" time="0.014"/>
  <testcase classname="com.hrmorange.basics.Example1" name="verifyUrl" time="0.007"/>
  <testcase classname="com.hrmorange.basics.Example1" name="verifyLoginTitle" time="0.200"/>
  <testcase classname="com.hrmorange.basics.Example1" name="verifyforgotpasswordtitle" time="0.023"/>
  <testcase classname="com.hrmorange.basics.Example1" name="verifyusername" time="3.055"/>
  <testcase classname="com.hrmorange.basics.Example1" name="verifypassword" time="0.066"/>
  <testcase classname="com.hrmorange.basics.Example1" name="verifyloginbutton" time="0.044"/>
</testsuite> <!-- com.hrmorange.basics.Example1 -->
